<?xml version="1.0" encoding="UTF-8"?>
<testsuite xmlns:xsi="http://www.w3.org/2001/XMLSchema-instance" xsi:noNamespaceSchemaLocation="https://maven.apache.org/surefire/maven-surefire-plugin/xsd/surefire-test-report.xsd" name="Controller.DirectorioRepositoryTest" time="0.266" tests="3" errors="0" skipped="0" failures="0">
  <properties>
[...]
</properties>
  <testcase name="testListarActividades" classname="Controller.DirectorioRepositoryTest" time="0.22"/>
  <testcase name="testObtenerAsistente" classname="Controller.DirectorioRepositoryTest" time="0"/>
  <testcase name="testListarAsistentes" classname="Controller.DirectorioRepositoryTest" time="0.015"/>
</testsuite>